Drill report for /home/dolbeau/MAC/QuadraFPGA/quadra-to-ztex/quadra-to-ztex.kicad_pcb
Created on Fri Sep  1 08:45:20 2023

Copper Layer Stackup:
    =============================================================
    L1 :  F.Cu                      front
    L2 :  In1.Cu                    in1
    L3 :  In2.Cu                    in2
    L4 :  B.Cu                      back


Drill file 'quadra-to-ztex-PTH.drl' contains
    plated through holes:
    =============================================================
    T1  0.30mm  0.012"  (9 holes)
    T2  0.40mm  0.016"  (52 holes)
    T3  0.80mm  0.031"  (140 holes)
    T4  0.90mm  0.035"  (14 holes)
    T5  1.00mm  0.039"  (12 holes)
    T6  1.14mm  0.045"  (128 holes)
    T7  1.30mm  0.051"  (4 holes)
    T8  2.30mm  0.091"  (2 holes)

    Total plated holes count 361


Drill file 'quadra-to-ztex-NPTH.drl' contains
    unplated through holes:
    =============================================================

    Total unplated holes count 0
